start: q0
accept: qa
reject: qr
blank: _

q0 0 -> q1 X >
q0 1 -> q1 Y >
q0 Y -> q4 Y <
q0 X -> q4 X <

q1 0 -> q1 0 >
q1 1 -> q1 1 >
q1 Y -> q2 Y <
q1 X -> q2 X <
q1 $ -> q2 $ <
q1 _ -> q2 _ <

q2 0 -> q3 X <
q2 1 -> q3 Y <

q3 0 -> q3 0 <
q3 1 -> q3 1 <
q3 X -> q0 X >
q3 Y -> q0 Y >

q4 X -> q4 0 <
q4 Y -> q4 1 <
q4 $ -> q5 $ >
q4 _ -> q5 _ >

q5 _ -> qa _ <
q5 0 -> q6 X >
q5 1 -> q7 Y >

q6 0 -> q6 0 >
q6 1 -> q6 1 >
q6 _ -> q6 _ >
q6 X -> q8 _ <

q7 1 -> q7 1 >
q7 0 -> q7 0 >
q7 _ -> q7 _ >
q7 Y -> q8 _ <

q8 0 -> q8 0 <
q8 1 -> q8 1 <
q8 _ -> q8 _ <
q8 X -> q5 X >
q8 Y -> q5 Y >